<?xml version="1.0" encoding="UTF-8"?>
<!-- Generated by org.testng.reporters.JUnitReportReporter -->
<testsuite hostname="shivanands-MacBook-Pro.local" name="com.shell.theagilehub.services.XrayServices" tests="1" failures="0" timestamp="20 Jun 2019 07:00:03 GMT" time="1.269" errors="0">
  <testcase name="importCucumberJsonToXray" time="1.269" classname="com.shell.theagilehub.services.XrayServices"/>
</testsuite> <!-- com.shell.theagilehub.services.XrayServices -->
